4 nstates

-0.201735 -0.792112 -0.496178
0.571403 -0.022162 -0.766379
0.554896 0.778404 0.022541
-0.228465 0.503246 0.780306
-0.393358 0.289143 -0.301651
-0.696100 -0.467377 0.459711
0.393358 -0.289143 0.301651

-0.299088 -0.766507 -0.402112
0.523161 -0.092477 -0.745944
0.239021 0.653377 0.033164
0.181357 0.342750 1.105613
-0.525901 0.288556 -0.691986
-0.584825 -0.021962 0.377663
0.466275 -0.403735 0.323601

0.171745 -1.060867 -0.199678
0.216930 -0.072930 -0.721995
0.119741 0.747155 0.032799
0.010645 0.298506 1.051469
-0.743367 0.493230 -0.631614
-0.447506 -0.214692 0.175642
0.671812 -0.190403 0.293378

0.522766 -0.086359 -0.755948
-0.522159 -0.299287 -0.426246
1.019039 0.581551 -0.003537
-0.705753 0.210410 0.556633
-0.070088 0.700786 -0.218848
-0.549700 -0.899728 0.514756
0.305894 -0.207374 0.333190

